Gromacs molecular dynamics package version 2023.3 loaded
                  :-) GROMACS - gmx editconf, 2023.3-spack (-:

Executable:   /appl/spack/v018/install-tree/gcc-11.3.0/gromacs-2023.3-azbu7p/bin/gmx_mpi
Data prefix:  /appl/spack/v018/install-tree/gcc-11.3.0/gromacs-2023.3-azbu7p
Working dir:  /users/degnaiyu/week2/Exercise2/14.5nm
Command line:
  gmx_mpi editconf -f 14.5nm.pdb -box 14.5 14.5 14.5 -o 14.5nm.gro


GROMACS reminds you: "As we all know, blinking lights means science." (Joss Whedon)

Note that major changes are planned in future for editconf, to improve usability and utility.
Read 8192 atoms
No velocities found
    system size : 14.498 14.500 14.498 (nm)
    center      :  7.200  7.172  7.277 (nm)
    box vectors :  0.000  0.000  0.000 (nm)
    box angles  :   0.00   0.00   0.00 (degrees)
    box volume  :   0.00               (nm^3)
    shift       :  0.050  0.078 -0.027 (nm)
new center      :  7.250  7.250  7.250 (nm)
new box vectors : 14.500 14.500 14.500 (nm)
new box angles  :  90.00  90.00  90.00 (degrees)
new box volume  :3048.62               (nm^3)
                   :-) GROMACS - gmx grompp, 2023.3-spack (-:

Executable:   /appl/spack/v018/install-tree/gcc-11.3.0/gromacs-2023.3-azbu7p/bin/gmx_mpi
Data prefix:  /appl/spack/v018/install-tree/gcc-11.3.0/gromacs-2023.3-azbu7p
Working dir:  /users/degnaiyu/week2/Exercise2/14.5nm
Command line:
  gmx_mpi grompp -f steep.mdp -c 14.5nm.gro -p LJ8192.top -o 14.5nm_steep.tpr

Generating 1-4 interactions: fudge = 0.5
Number of degrees of freedom in T-Coupling group rest is 24573.00
The integrator does not provide a ensemble temperature, there is no system ensemble temperature

GROMACS reminds you: "As we all know, blinking lights means science." (Joss Whedon)

Setting the LD random seed to -142655497

Generated 1 of the 1 non-bonded parameter combinations

Generated 1 of the 1 1-4 parameter combinations

Excluding 1 bonded neighbours molecule type 'Argon'
Analysing residue names:
There are:  8192      Other residues
Analysing residues not classified as Protein/DNA/RNA/Water and splitting into groups...

This run will generate roughly 2 Mb of data
                   :-) GROMACS - gmx mdrun, 2023.3-spack (-:

Executable:   /appl/spack/v018/install-tree/gcc-11.3.0/gromacs-2023.3-azbu7p/bin/gmx_mpi
Data prefix:  /appl/spack/v018/install-tree/gcc-11.3.0/gromacs-2023.3-azbu7p
Working dir:  /users/degnaiyu/week2/Exercise2/14.5nm
Command line:
  gmx_mpi mdrun -s -deffnm 14.5nm_steep

Reading file 14.5nm_steep.tpr, VERSION 2023.3-spack (single precision)
Using 1 MPI process

Non-default thread affinity set, disabling internal thread affinity

Using 8 OpenMP threads 


Polak-Ribiere Conjugate Gradients:
   Tolerance (Fmax)   =  1.00000e+02
   Number of steps    =        10000
   F-max             =  8.14821e+10 on atom 5235
   F-Norm            =  1.27316e+09


writing lowest energy coordinates.

Polak-Ribiere Conjugate Gradients converged to Fmax < 100 in 47 steps
Potential Energy  = -6.2041938e+03
Maximum force     =  9.2566833e+01 on atom 1949
Norm of force     =  2.1217452e+01

GROMACS reminds you: "The best way to obtain plausible negative examples is to run a docking program with a biophysics-based function." (Julie Bernauer)

                   :-) GROMACS - gmx grompp, 2023.3-spack (-:

Executable:   /appl/spack/v018/install-tree/gcc-11.3.0/gromacs-2023.3-azbu7p/bin/gmx_mpi
Data prefix:  /appl/spack/v018/install-tree/gcc-11.3.0/gromacs-2023.3-azbu7p
Working dir:  /users/degnaiyu/week2/Exercise2/14.5nm
Command line:
  gmx_mpi grompp -f NVT.mdp -c 14.5nm_steep.gro -p LJ8192.top -o 14.5nm_8192.tpr

Replacing old mdp entry 'nstxtcout' by 'nstxout-compressed'
Generating 1-4 interactions: fudge = 0.5
Number of degrees of freedom in T-Coupling group System is 24573.00

GROMACS reminds you: "The best way to obtain plausible negative examples is to run a docking program with a biophysics-based function." (Julie Bernauer)

Setting the LD random seed to -1081092177

Generated 1 of the 1 non-bonded parameter combinations

Generated 1 of the 1 1-4 parameter combinations

Excluding 1 bonded neighbours molecule type 'Argon'

Setting gen_seed to 2143281083

Velocities were taken from a Maxwell distribution at 80.7 K
Analysing residue names:
There are:  8192      Other residues
Analysing residues not classified as Protein/DNA/RNA/Water and splitting into groups...

Determining Verlet buffer for a tolerance of 0.005 kJ/mol/ps at 80.7 K

Calculated rlist for 1x1 atom pair-list as 2.309 nm, buffer size 0.000 nm

Set rlist, assuming 4x4 atom pair-list, to 2.309 nm, buffer size 0.000 nm

Note that mdrun will redetermine rlist based on the actual pair-list setup

This run will generate roughly 99 Mb of data
                   :-) GROMACS - gmx mdrun, 2023.3-spack (-:

Executable:   /appl/spack/v018/install-tree/gcc-11.3.0/gromacs-2023.3-azbu7p/bin/gmx_mpi
Data prefix:  /appl/spack/v018/install-tree/gcc-11.3.0/gromacs-2023.3-azbu7p
Working dir:  /users/degnaiyu/week2/Exercise2/14.5nm
Command line:
  gmx_mpi mdrun -s -deffnm 14.5nm_8192 -ntomp 8

Reading file 14.5nm_8192.tpr, VERSION 2023.3-spack (single precision)
Changing nstlist from 10 to 100, rlist from 2.30859 to 2.30859

Using 1 MPI process

Non-default thread affinity set, disabling internal thread affinity

Using 8 OpenMP threads 

starting mdrun 'Supersaturated Argon'
250000 steps,    500.0 ps.

Writing final coordinates.

               Core t (s)   Wall t (s)        (%)
       Time:      767.261       95.908      800.0
                 (ns/day)    (hour/ns)
Performance:      450.435        0.053

GROMACS reminds you: "Hold On Like Cliffhanger" (Urban Dance Squad)

